# JRE version: Java(TM) SE Runtime Environment (8.0_181-b13) (build 1.8.0_181-b13)
# Java VM: Java HotSpot(TM) 64-Bit Server VM (25.181-b13 mixed mode windows-amd64 compressed oops)
Heap:
 PSYoungGen      total 463872K, used 102262K [0x00000000e0000000, 0x0000000100000000, 0x0000000100000000)
  eden space 439296K, 18% used [0x00000000e0000000,0x00000000e4f5d380,0x00000000fad00000)
  from space 24576K, 85% used [0x00000000fad00000,0x00000000fc1805c0,0x00000000fc500000)
  to   space 27136K, 0% used [0x00000000fe580000,0x00000000fe580000,0x0000000100000000)
 ParOldGen       total 140800K, used 91002K [0x00000000a0000000, 0x00000000a8980000, 0x00000000e0000000)
  object space 140800K, 64% used [0x00000000a0000000,0x00000000a58deb20,0x00000000a8980000)
 Metaspace       used 90025K, capacity 94726K, committed 94976K, reserved 1132544K
  class space    used 11749K, capacity 12746K, committed 12800K, reserved 1048576K
GC Heap History (10 events):
Event: 161.419 GC heap before
{Heap before GC invocations=22 (full 3):
 PSYoungGen      total 305152K, used 299145K [0x00000000e0000000, 0x00000000f4280000, 0x0000000100000000)
  eden space 288256K, 100% used [0x00000000e0000000,0x00000000f1980000,0x00000000f1980000)
  from space 16896K, 64% used [0x00000000f3200000,0x00000000f3ca2410,0x00000000f4280000)
  to   space 20992K, 0% used [0x00000000f1980000,0x00000000f1980000,0x00000000f2e00000)
 ParOldGen       total 140800K, used 65938K [0x00000000a0000000, 0x00000000a8980000, 0x00000000e0000000)
  object space 140800K, 46% used [0x00000000a0000000,0x00000000a4064808,0x00000000a8980000)
 Metaspace       used 64666K, capacity 66804K, committed 67072K, reserved 1107968K
  class space    used 8684K, capacity 9167K, committed 9216K, reserved 1048576K
Event: 161.424 GC heap after
Heap after GC invocations=22 (full 3):
 PSYoungGen      total 309248K, used 1490K [0x00000000e0000000, 0x00000000f9280000, 0x0000000100000000)
  eden space 288256K, 0% used [0x00000000e0000000,0x00000000e0000000,0x00000000f1980000)
  from space 20992K, 7% used [0x00000000f1980000,0x00000000f1af4890,0x00000000f2e00000)
  to   space 20992K, 0% used [0x00000000f7e00000,0x00000000f7e00000,0x00000000f9280000)
 ParOldGen       total 140800K, used 69037K [0x00000000a0000000, 0x00000000a8980000, 0x00000000e0000000)
  object space 140800K, 49% used [0x00000000a0000000,0x00000000a436b6c8,0x00000000a8980000)
 Metaspace       used 64666K, capacity 66804K, committed 67072K, reserved 1107968K
  class space    used 8684K, capacity 9167K, committed 9216K, reserved 1048576K
}
Event: 453.405 GC heap before
{Heap before GC invocations=23 (full 3):
 PSYoungGen      total 309248K, used 289259K [0x00000000e0000000, 0x00000000f9280000, 0x0000000100000000)
  eden space 288256K, 99% used [0x00000000e0000000,0x00000000f1906430,0x00000000f1980000)
  from space 20992K, 7% used [0x00000000f1980000,0x00000000f1af4890,0x00000000f2e00000)
  to   space 20992K, 0% used [0x00000000f7e00000,0x00000000f7e00000,0x00000000f9280000)
 ParOldGen       total 140800K, used 69037K [0x00000000a0000000, 0x00000000a8980000, 0x00000000e0000000)
  object space 140800K, 49% used [0x00000000a0000000,0x00000000a436b6c8,0x00000000a8980000)
 Metaspace       used 70243K, capacity 72418K, committed 72576K, reserved 1112064K
  class space    used 9344K, capacity 9826K, committed 9856K, reserved 1048576K
Event: 453.418 GC heap after
Heap after GC invocations=23 (full 3):
 PSYoungGen      total 380928K, used 17191K [0x00000000e0000000, 0x00000000f8f80000, 0x0000000100000000)
  eden space 363008K, 0% used [0x00000000e0000000,0x00000000e0000000,0x00000000f6280000)
  from space 17920K, 95% used [0x00000000f7e00000,0x00000000f8ec9c90,0x00000000f8f80000)
  to   space 23040K, 0% used [0x00000000f6280000,0x00000000f6280000,0x00000000f7900000)
 ParOldGen       total 140800K, used 69737K [0x00000000a0000000, 0x00000000a8980000, 0x00000000e0000000)
  object space 140800K, 49% used [0x00000000a0000000,0x00000000a441a6f8,0x00000000a8980000)
 Metaspace       used 70243K, capacity 72418K, committed 72576K, reserved 1112064K
  class space    used 9344K, capacity 9826K, committed 9856K, reserved 1048576K
}
Event: 456.298 GC heap before
{Heap before GC invocations=24 (full 3):
 PSYoungGen      total 380928K, used 379376K [0x00000000e0000000, 0x00000000f8f80000, 0x0000000100000000)
  eden space 363008K, 99% used [0x00000000e0000000,0x00000000f61b2400,0x00000000f6280000)
  from space 17920K, 95% used [0x00000000f7e00000,0x00000000f8ec9c90,0x00000000f8f80000)
  to   space 23040K, 0% used [0x00000000f6280000,0x00000000f6280000,0x00000000f7900000)
 ParOldGen       total 140800K, used 69737K [0x00000000a0000000, 0x00000000a8980000, 0x00000000e0000000)
  object space 140800K, 49% used [0x00000000a0000000,0x00000000a441a6f8,0x00000000a8980000)
 Metaspace       used 80962K, capacity 84246K, committed 84352K, reserved 1122304K
  class space    used 10660K, capacity 11326K, committed 11392K, reserved 1048576K
Event: 456.316 GC heap after
Heap after GC invocations=24 (full 3):
 PSYoungGen      total 386048K, used 17177K [0x00000000e0000000, 0x00000000fe700000, 0x0000000100000000)
  eden space 363008K, 0% used [0x00000000e0000000,0x00000000e0000000,0x00000000f6280000)
  from space 23040K, 74% used [0x00000000f6280000,0x00000000f7346610,0x00000000f7900000)
  to   space 24576K, 0% used [0x00000000fcf00000,0x00000000fcf00000,0x00000000fe700000)
 ParOldGen       total 140800K, used 76204K [0x00000000a0000000, 0x00000000a8980000, 0x00000000e0000000)
  object space 140800K, 54% used [0x00000000a0000000,0x00000000a4a6b1d8,0x00000000a8980000)
 Metaspace       used 80962K, capacity 84246K, committed 84352K, reserved 1122304K
  class space    used 10660K, capacity 11326K, committed 11392K, reserved 1048576K
}
Event: 515.555 GC heap before
{Heap before GC invocations=25 (full 3):
 PSYoungGen      total 386048K, used 380185K [0x00000000e0000000, 0x00000000fe700000, 0x0000000100000000)
  eden space 363008K, 100% used [0x00000000e0000000,0x00000000f6280000,0x00000000f6280000)
  from space 23040K, 74% used [0x00000000f6280000,0x00000000f7346610,0x00000000f7900000)
  to   space 24576K, 0% used [0x00000000fcf00000,0x00000000fcf00000,0x00000000fe700000)
 ParOldGen       total 140800K, used 76204K [0x00000000a0000000, 0x00000000a8980000, 0x00000000e0000000)
  object space 140800K, 54% used [0x00000000a0000000,0x00000000a4a6b1d8,0x00000000a8980000)
 Metaspace       used 86661K, capacity 90310K, committed 90624K, reserved 1128448K
  class space    used 11382K, capacity 12187K, committed 12288K, reserved 1048576K
Event: 515.568 GC heap after
Heap after GC invocations=25 (full 3):
 PSYoungGen      total 453632K, used 13052K [0x00000000e0000000, 0x00000000fdd00000, 0x0000000100000000)
  eden space 439296K, 0% used [0x00000000e0000000,0x00000000e0000000,0x00000000fad00000)
  from space 14336K, 91% used [0x00000000fcf00000,0x00000000fdbbf150,0x00000000fdd00000)
  to   space 24576K, 0% used [0x00000000fad00000,0x00000000fad00000,0x00000000fc500000)
 ParOldGen       total 140800K, used 82168K [0x00000000a0000000, 0x00000000a8980000, 0x00000000e0000000)
  object space 140800K, 58% used [0x00000000a0000000,0x00000000a503e3c8,0x00000000a8980000)
 Metaspace       used 86661K, capacity 90310K, committed 90624K, reserved 1128448K
  class space    used 11382K, capacity 12187K, committed 12288K, reserved 1048576K
}
Event: 998.996 GC heap before
{Heap before GC invocations=26 (full 3):
 PSYoungGen      total 453632K, used 452348K [0x00000000e0000000, 0x00000000fdd00000, 0x0000000100000000)
  eden space 439296K, 100% used [0x00000000e0000000,0x00000000fad00000,0x00000000fad00000)
  from space 14336K, 91% used [0x00000000fcf00000,0x00000000fdbbf150,0x00000000fdd00000)
  to   space 24576K, 0% used [0x00000000fad00000,0x00000000fad00000,0x00000000fc500000)
 ParOldGen       total 140800K, used 82168K [0x00000000a0000000, 0x00000000a8980000, 0x00000000e0000000)
  object space 140800K, 58% used [0x00000000a0000000,0x00000000a503e3c8,0x00000000a8980000)
 Metaspace       used 89625K, capacity 94268K, committed 94464K, reserved 1130496K
  class space    used 11741K, capacity 12745K, committed 12800K, reserved 1048576K
Event: 999.016 GC heap after
Heap after GC invocations=26 (full 3):
 PSYoungGen      total 463872K, used 20993K [0x00000000e0000000, 0x0000000100000000, 0x0000000100000000)
  eden space 439296K, 0% used [0x00000000e0000000,0x00000000e0000000,0x00000000fad00000)
  from space 24576K, 85% used [0x00000000fad00000,0x00000000fc1805c0,0x00000000fc500000)
  to   space 27136K, 0% used [0x00000000fe580000,0x00000000fe580000,0x0000000100000000)
 ParOldGen       total 140800K, used 91002K [0x00000000a0000000, 0x00000000a8980000, 0x00000000e0000000)
  object space 140800K, 64% used [0x00000000a0000000,0x00000000a58deb20,0x00000000a8980000)
 Metaspace       used 89625K, capacity 94268K, committed 94464K, reserved 1130496K
  class space    used 11741K, capacity 12745K, committed 12800K, reserved 1048576K
}

