# JRE version: Java(TM) SE Runtime Environment (8.0_181-b13) (build 1.8.0_181-b13)
# Java VM: Java HotSpot(TM) 64-Bit Server VM (25.181-b13 mixed mode windows-amd64 compressed oops)
Heap:
 PSYoungGen      total 117760K, used 95202K [0x00000000e0000000, 0x00000000e8980000, 0x0000000100000000)
  eden space 96768K, 91% used [0x00000000e0000000,0x00000000e561c878,0x00000000e5e80000)
  from space 20992K, 33% used [0x00000000e7500000,0x00000000e7bdc070,0x00000000e8980000)
  to   space 22016K, 0% used [0x00000000e5e80000,0x00000000e5e80000,0x00000000e7400000)
 ParOldGen       total 113664K, used 80826K [0x00000000a0000000, 0x00000000a6f00000, 0x00000000e0000000)
  object space 113664K, 71% used [0x00000000a0000000,0x00000000a4eee9a8,0x00000000a6f00000)
 Metaspace       used 86925K, capacity 92488K, committed 92672K, reserved 1130496K
  class space    used 11220K, capacity 12530K, committed 12544K, reserved 1048576K
GC Heap History (10 events):
Event: 13887.425 GC heap before
{Heap before GC invocations=56 (full 4):
 PSYoungGen      total 105472K, used 104994K [0x00000000e0000000, 0x00000000e8680000, 0x0000000100000000)
  eden space 91648K, 100% used [0x00000000e0000000,0x00000000e5980000,0x00000000e5980000)
  from space 13824K, 96% used [0x00000000e5c00000,0x00000000e6908bd0,0x00000000e6980000)
  to   space 23040K, 0% used [0x00000000e7000000,0x00000000e7000000,0x00000000e8680000)
 ParOldGen       total 113664K, used 67267K [0x00000000a0000000, 0x00000000a6f00000, 0x00000000e0000000)
  object space 113664K, 59% used [0x00000000a0000000,0x00000000a41b0f60,0x00000000a6f00000)
 Metaspace       used 80710K, capacity 86118K, committed 86272K, reserved 1124352K
  class space    used 10495K, capacity 11710K, committed 11776K, reserved 1048576K
Event: 13887.480 GC heap after
Heap after GC invocations=56 (full 4):
 PSYoungGen      total 110592K, used 14018K [0x00000000e0000000, 0x00000000e8500000, 0x0000000100000000)
  eden space 89088K, 0% used [0x00000000e0000000,0x00000000e0000000,0x00000000e5700000)
  from space 21504K, 65% used [0x00000000e7000000,0x00000000e7db0bf0,0x00000000e8500000)
  to   space 23552K, 0% used [0x00000000e5700000,0x00000000e5700000,0x00000000e6e00000)
 ParOldGen       total 113664K, used 67275K [0x00000000a0000000, 0x00000000a6f00000, 0x00000000e0000000)
  object space 113664K, 59% used [0x00000000a0000000,0x00000000a41b2f60,0x00000000a6f00000)
 Metaspace       used 80710K, capacity 86118K, committed 86272K, reserved 1124352K
  class space    used 10495K, capacity 11710K, committed 11776K, reserved 1048576K
}
Event: 13893.689 GC heap before
{Heap before GC invocations=57 (full 4):
 PSYoungGen      total 110592K, used 103106K [0x00000000e0000000, 0x00000000e8500000, 0x0000000100000000)
  eden space 89088K, 100% used [0x00000000e0000000,0x00000000e5700000,0x00000000e5700000)
  from space 21504K, 65% used [0x00000000e7000000,0x00000000e7db0bf0,0x00000000e8500000)
  to   space 23552K, 0% used [0x00000000e5700000,0x00000000e5700000,0x00000000e6e00000)
 ParOldGen       total 113664K, used 67275K [0x00000000a0000000, 0x00000000a6f00000, 0x00000000e0000000)
  object space 113664K, 59% used [0x00000000a0000000,0x00000000a41b2f60,0x00000000a6f00000)
 Metaspace       used 80924K, capacity 86396K, committed 86656K, reserved 1124352K
  class space    used 10530K, capacity 11800K, committed 11904K, reserved 1048576K
Event: 13893.792 GC heap after
Heap after GC invocations=57 (full 4):
 PSYoungGen      total 103936K, used 17011K [0x00000000e0000000, 0x00000000e8580000, 0x0000000100000000)
  eden space 86528K, 0% used [0x00000000e0000000,0x00000000e0000000,0x00000000e5480000)
  from space 17408K, 97% used [0x00000000e5700000,0x00000000e679cc20,0x00000000e6800000)
  to   space 25088K, 0% used [0x00000000e6d00000,0x00000000e6d00000,0x00000000e8580000)
 ParOldGen       total 113664K, used 67283K [0x00000000a0000000, 0x00000000a6f00000, 0x00000000e0000000)
  object space 113664K, 59% used [0x00000000a0000000,0x00000000a41b4f60,0x00000000a6f00000)
 Metaspace       used 80924K, capacity 86396K, committed 86656K, reserved 1124352K
  class space    used 10530K, capacity 11800K, committed 11904K, reserved 1048576K
}
Event: 14027.356 GC heap before
{Heap before GC invocations=58 (full 4):
 PSYoungGen      total 103936K, used 103539K [0x00000000e0000000, 0x00000000e8580000, 0x0000000100000000)
  eden space 86528K, 100% used [0x00000000e0000000,0x00000000e5480000,0x00000000e5480000)
  from space 17408K, 97% used [0x00000000e5700000,0x00000000e679cc20,0x00000000e6800000)
  to   space 25088K, 0% used [0x00000000e6d00000,0x00000000e6d00000,0x00000000e8580000)
 ParOldGen       total 113664K, used 67283K [0x00000000a0000000, 0x00000000a6f00000, 0x00000000e0000000)
  object space 113664K, 59% used [0x00000000a0000000,0x00000000a41b4f60,0x00000000a6f00000)
 Metaspace       used 81167K, capacity 86768K, committed 86912K, reserved 1124352K
  class space    used 10559K, capacity 11850K, committed 11904K, reserved 1048576K
Event: 14027.376 GC heap after
Heap after GC invocations=58 (full 4):
 PSYoungGen      total 103424K, used 8343K [0x00000000e0000000, 0x00000000e8000000, 0x0000000100000000)
  eden space 83968K, 0% used [0x00000000e0000000,0x00000000e0000000,0x00000000e5200000)
  from space 19456K, 42% used [0x00000000e6d00000,0x00000000e7525e20,0x00000000e8000000)
  to   space 23552K, 0% used [0x00000000e5200000,0x00000000e5200000,0x00000000e6900000)
 ParOldGen       total 113664K, used 76486K [0x00000000a0000000, 0x00000000a6f00000, 0x00000000e0000000)
  object space 113664K, 67% used [0x00000000a0000000,0x00000000a4ab1bb0,0x00000000a6f00000)
 Metaspace       used 81167K, capacity 86768K, committed 86912K, reserved 1124352K
  class space    used 10559K, capacity 11850K, committed 11904K, reserved 1048576K
}
Event: 14027.587 GC heap before
{Heap before GC invocations=59 (full 4):
 PSYoungGen      total 103424K, used 92311K [0x00000000e0000000, 0x00000000e8000000, 0x0000000100000000)
  eden space 83968K, 100% used [0x00000000e0000000,0x00000000e5200000,0x00000000e5200000)
  from space 19456K, 42% used [0x00000000e6d00000,0x00000000e7525e20,0x00000000e8000000)
  to   space 23552K, 0% used [0x00000000e5200000,0x00000000e5200000,0x00000000e6900000)
 ParOldGen       total 113664K, used 76486K [0x00000000a0000000, 0x00000000a6f00000, 0x00000000e0000000)
  object space 113664K, 67% used [0x00000000a0000000,0x00000000a4ab1bb0,0x00000000a6f00000)
 Metaspace       used 81173K, capacity 86774K, committed 86912K, reserved 1124352K
  class space    used 10560K, capacity 11851K, committed 11904K, reserved 1048576K
Event: 14027.596 GC heap after
Heap after GC invocations=59 (full 4):
 PSYoungGen      total 107520K, used 7392K [0x00000000e0000000, 0x00000000e8b00000, 0x0000000100000000)
  eden space 83968K, 0% used [0x00000000e0000000,0x00000000e0000000,0x00000000e5200000)
  from space 23552K, 31% used [0x00000000e5200000,0x00000000e5938020,0x00000000e6900000)
  to   space 22528K, 0% used [0x00000000e7500000,0x00000000e7500000,0x00000000e8b00000)
 ParOldGen       total 113664K, used 79696K [0x00000000a0000000, 0x00000000a6f00000, 0x00000000e0000000)
  object space 113664K, 70% used [0x00000000a0000000,0x00000000a4dd4110,0x00000000a6f00000)
 Metaspace       used 81173K, capacity 86774K, committed 86912K, reserved 1124352K
  class space    used 10560K, capacity 11851K, committed 11904K, reserved 1048576K
}
Event: 14029.668 GC heap before
{Heap before GC invocations=60 (full 4):
 PSYoungGen      total 107520K, used 91360K [0x00000000e0000000, 0x00000000e8b00000, 0x0000000100000000)
  eden space 83968K, 100% used [0x00000000e0000000,0x00000000e5200000,0x00000000e5200000)
  from space 23552K, 31% used [0x00000000e5200000,0x00000000e5938020,0x00000000e6900000)
  to   space 22528K, 0% used [0x00000000e7500000,0x00000000e7500000,0x00000000e8b00000)
 ParOldGen       total 113664K, used 79696K [0x00000000a0000000, 0x00000000a6f00000, 0x00000000e0000000)
  object space 113664K, 70% used [0x00000000a0000000,0x00000000a4dd4110,0x00000000a6f00000)
 Metaspace       used 81256K, capacity 86888K, committed 87168K, reserved 1124352K
  class space    used 10565K, capacity 11858K, committed 11904K, reserved 1048576K
Event: 14029.673 GC heap after
Heap after GC invocations=60 (full 4):
 PSYoungGen      total 117760K, used 7024K [0x00000000e0000000, 0x00000000e8980000, 0x0000000100000000)
  eden space 96768K, 0% used [0x00000000e0000000,0x00000000e0000000,0x00000000e5e80000)
  from space 20992K, 33% used [0x00000000e7500000,0x00000000e7bdc070,0x00000000e8980000)
  to   space 22016K, 0% used [0x00000000e5e80000,0x00000000e5e80000,0x00000000e7400000)
 ParOldGen       total 113664K, used 80826K [0x00000000a0000000, 0x00000000a6f00000, 0x00000000e0000000)
  object space 113664K, 71% used [0x00000000a0000000,0x00000000a4eee9a8,0x00000000a6f00000)
 Metaspace       used 81256K, capacity 86888K, committed 87168K, reserved 1124352K
  class space    used 10565K, capacity 11858K, committed 11904K, reserved 1048576K
}

